<?xml version="1.0" encoding="UTF-8"?>
<!-- Generated by org.testng.reporters.JUnitReportReporter -->
<testsuite hostname="DESKTOP-FMMONUU" failures="0" tests="3" name="testNg.multiple_test" time="0.014" errors="0" timestamp="02 May 2024 08:48:31 GMT" skipped="0">
  <testcase classname="testNg.multiple_test" name="register" time="0.010"/>
  <testcase classname="testNg.multiple_test" name="login" time="0.002"/>
  <testcase classname="testNg.multiple_test" name="addproduc" time="0.002"/>
</testsuite> <!-- testNg.multiple_test -->
