<?xml version="1.0" encoding="UTF-8"?>
<!-- Generated by org.testng.reporters.JUnitReportReporter -->
<testsuite hostname="DESKTOP-FMMONUU" failures="0" tests="3" name="testNg.multiple_test" time="0.026" errors="0" timestamp="29 Apr 2024 08:07:05 GMT" skipped="0">
  <testcase classname="testNg.multiple_test" name="register" time="0.003"/>
  <testcase classname="testNg.multiple_test" name="addproduc" time="0.021"/>
  <testcase classname="testNg.multiple_test" name="login" time="0.002"/>
</testsuite> <!-- testNg.multiple_test -->
