<?xml version="1.0" encoding="UTF-8"?>
<!-- Generated by org.testng.reporters.JUnitReportReporter -->
<testsuite hostname="DESKTOP-FMMONUU" failures="0" tests="1" name="testNg.driverregister" time="12.953" errors="0" timestamp="02 May 2024 09:25:36 GMT" skipped="0">
  <testcase classname="testNg.driverregister" name="run" time="12.953"/>
</testsuite> <!-- testNg.driverregister -->
